 10-Apr-21 22:32:14 - CRITICAL - start
 10-Apr-21 22:32:14 - INFO - creating sudoku
 10-Apr-21 22:32:16 - INFO -  using file: C:\Users\rajatshr\Desktop\Code\Misc\sudoku/puzzles/extreme.txt
 10-Apr-21 22:32:16 - INFO - creating sudoku
 10-Apr-21 22:32:16 - INFO -  using file: C:\Users\rajatshr\Desktop\Code\Misc\sudoku/puzzles/extreme_sol.txt
 10-Apr-21 22:32:16 - INFO - No numbers available at position 0,7
 10-Apr-21 22:32:16 - INFO - No numbers available at position 2,2
 10-Apr-21 22:32:16 - INFO - No numbers available at position 2,1
 10-Apr-21 22:32:16 - INFO - No numbers available at position 2,2
 10-Apr-21 22:32:16 - INFO - No numbers available at position 2,1
 10-Apr-21 22:32:16 - INFO - No numbers available at position 2,8
 10-Apr-21 22:32:16 - INFO - No numbers available at position 3,7
 10-Apr-21 22:32:16 - INFO - No numbers available at position 3,8
 10-Apr-21 22:32:16 - INFO - No numbers available at position 3,8
 10-Apr-21 22:32:16 - INFO - No numbers available at position 3,7
 10-Apr-21 22:32:16 - INFO - No numbers available at position 3,7
 10-Apr-21 22:32:16 - INFO - No numbers available at position 3,8
 10-Apr-21 22:32:16 - INFO - No numbers available at position 3,8
 10-Apr-21 22:32:16 - INFO - No numbers available at position 3,8
 10-Apr-21 22:32:16 - INFO - No numbers available at position 3,8
 10-Apr-21 22:32:16 - INFO - No numbers available at position 3,7
 10-Apr-21 22:32:16 - INFO - No numbers available at position 3,7
 10-Apr-21 22:32:16 - INFO - No numbers available at position 3,8
 10-Apr-21 22:32:16 - INFO - No numbers available at position 3,8
 10-Apr-21 22:32:16 - INFO - No numbers available at position 3,8
 10-Apr-21 22:32:16 - INFO - No numbers available at position 1,8
 10-Apr-21 22:32:16 - INFO - No numbers available at position 2,2
 10-Apr-21 22:32:16 - INFO - No numbers available at position 2,1
 10-Apr-21 22:32:16 - INFO - No numbers available at position 2,8
 10-Apr-21 22:32:16 - INFO - No numbers available at position 3,7
 10-Apr-21 22:32:16 - INFO - No numbers available at position 3,8
 10-Apr-21 22:32:16 - INFO - No numbers available at position 3,7
 10-Apr-21 22:32:16 - INFO - No numbers available at position 3,7
 10-Apr-21 22:32:16 - INFO - No numbers available at position 3,8
 10-Apr-21 22:32:16 - INFO - No numbers available at position 3,7
 10-Apr-21 22:32:16 - INFO - No numbers available at position 3,8
 10-Apr-21 22:32:16 - INFO - No numbers available at position 3,8
 10-Apr-21 22:32:16 - INFO - No numbers available at position 3,7
 10-Apr-21 22:32:16 - INFO - No numbers available at position 3,7
 10-Apr-21 22:32:16 - INFO - No numbers available at position 3,8
 10-Apr-21 22:32:16 - INFO - No numbers available at position 3,7
 10-Apr-21 22:32:16 - INFO - No numbers available at position 3,8
 10-Apr-21 22:32:16 - INFO - No numbers available at position 3,8
 10-Apr-21 22:32:16 - INFO - No numbers available at position 2,2
 10-Apr-21 22:32:16 - INFO - No numbers available at position 2,1
 10-Apr-21 22:32:16 - INFO - No numbers available at position 2,8
 10-Apr-21 22:32:16 - INFO - No numbers available at position 3,7
 10-Apr-21 22:32:16 - INFO - No numbers available at position 3,8
 10-Apr-21 22:32:16 - INFO - No numbers available at position 3,7
 10-Apr-21 22:32:16 - INFO - No numbers available at position 3,8
 10-Apr-21 22:32:16 - INFO - No numbers available at position 3,7
 10-Apr-21 22:32:16 - INFO - No numbers available at position 3,7
 10-Apr-21 22:32:16 - INFO - No numbers available at position 3,8
 10-Apr-21 22:32:16 - INFO - No numbers available at position 3,8
 10-Apr-21 22:32:16 - INFO - No numbers available at position 3,7
 10-Apr-21 22:32:16 - INFO - No numbers available at position 3,8
 10-Apr-21 22:32:16 - INFO - No numbers available at position 3,7
 10-Apr-21 22:32:16 - INFO - No numbers available at position 3,7
 10-Apr-21 22:32:16 - INFO - No numbers available at position 3,8
 10-Apr-21 22:32:16 - INFO - No numbers available at position 3,8
 10-Apr-21 22:32:16 - INFO - No numbers available at position 1,8
 10-Apr-21 22:32:16 - INFO - No numbers available at position 2,2
 10-Apr-21 22:32:16 - INFO - No numbers available at position 2,1
 10-Apr-21 22:32:16 - INFO - No numbers available at position 2,8
 10-Apr-21 22:32:16 - INFO - No numbers available at position 3,7
 10-Apr-21 22:32:16 - INFO - No numbers available at position 3,8
 10-Apr-21 22:32:16 - INFO - No numbers available at position 3,7
 10-Apr-21 22:32:16 - INFO - No numbers available at position 3,8
 10-Apr-21 22:32:16 - INFO - No numbers available at position 3,7
 10-Apr-21 22:32:16 - INFO - No numbers available at position 3,7
 10-Apr-21 22:32:16 - INFO - No numbers available at position 3,8
 10-Apr-21 22:32:16 - INFO - No numbers available at position 3,8
 10-Apr-21 22:32:16 - INFO - No numbers available at position 3,7
 10-Apr-21 22:32:16 - INFO - No numbers available at position 3,8
 10-Apr-21 22:32:16 - INFO - No numbers available at position 3,7
 10-Apr-21 22:32:16 - INFO - No numbers available at position 3,7
 10-Apr-21 22:32:16 - INFO - No numbers available at position 3,8
 10-Apr-21 22:32:16 - INFO - No numbers available at position 3,8
 10-Apr-21 22:32:16 - INFO - No numbers available at position 2,2
 10-Apr-21 22:32:16 - INFO - No numbers available at position 2,1
 10-Apr-21 22:32:16 - INFO - No numbers available at position 2,8
 10-Apr-21 22:32:16 - INFO - No numbers available at position 3,7
 10-Apr-21 22:32:16 - INFO - No numbers available at position 3,6
 10-Apr-21 22:32:16 - INFO - No numbers available at position 3,8
 10-Apr-21 22:32:16 - INFO - No numbers available at position 3,8
 10-Apr-21 22:32:16 - INFO - No numbers available at position 3,7
 10-Apr-21 22:32:16 - INFO - No numbers available at position 3,8
 10-Apr-21 22:32:16 - INFO - No numbers available at position 3,7
 10-Apr-21 22:32:16 - INFO - No numbers available at position 3,8
 10-Apr-21 22:32:16 - INFO - No numbers available at position 3,6
 10-Apr-21 22:32:16 - INFO - No numbers available at position 3,8
 10-Apr-21 22:32:16 - INFO - No numbers available at position 3,8
 10-Apr-21 22:32:16 - INFO - No numbers available at position 3,8
 10-Apr-21 22:32:16 - INFO - No numbers available at position 3,7
 10-Apr-21 22:32:16 - INFO - No numbers available at position 3,8
 10-Apr-21 22:32:16 - INFO - No numbers available at position 3,7
 10-Apr-21 22:32:16 - INFO - No numbers available at position 3,8
 10-Apr-21 22:32:16 - INFO - No numbers available at position 3,6
 10-Apr-21 22:32:16 - INFO - No numbers available at position 3,8
 10-Apr-21 22:32:16 - INFO - No numbers available at position 3,8
 10-Apr-21 22:32:16 - INFO - No numbers available at position 1,8
 10-Apr-21 22:32:16 - INFO - No numbers available at position 2,2
 10-Apr-21 22:32:16 - INFO - No numbers available at position 2,1
 10-Apr-21 22:32:16 - INFO - No numbers available at position 2,8
 10-Apr-21 22:32:16 - INFO - No numbers available at position 3,7
 10-Apr-21 22:32:16 - INFO - No numbers available at position 3,7
 10-Apr-21 22:32:16 - INFO - No numbers available at position 3,8
 10-Apr-21 22:32:16 - INFO - No numbers available at position 3,7
 10-Apr-21 22:32:16 - INFO - No numbers available at position 3,7
 10-Apr-21 22:32:16 - INFO - No numbers available at position 3,7
 10-Apr-21 22:32:16 - INFO - No numbers available at position 3,8
 10-Apr-21 22:32:16 - INFO - No numbers available at position 3,7
 10-Apr-21 22:32:16 - INFO - No numbers available at position 3,7
 10-Apr-21 22:32:16 - INFO - No numbers available at position 3,8
 10-Apr-21 22:32:16 - INFO - No numbers available at position 3,8
 10-Apr-21 22:32:16 - INFO - No numbers available at position 3,7
 10-Apr-21 22:32:16 - INFO - No numbers available at position 3,7
 10-Apr-21 22:32:16 - INFO - No numbers available at position 3,7
 10-Apr-21 22:32:16 - INFO - No numbers available at position 3,8
 10-Apr-21 22:32:16 - INFO - No numbers available at position 3,7
 10-Apr-21 22:32:16 - INFO - No numbers available at position 3,7
 10-Apr-21 22:32:16 - INFO - No numbers available at position 3,8
 10-Apr-21 22:32:16 - INFO - No numbers available at position 3,8
 10-Apr-21 22:32:16 - INFO - No numbers available at position 2,2
 10-Apr-21 22:32:16 - INFO - No numbers available at position 2,1
 10-Apr-21 22:32:16 - INFO - No numbers available at position 2,8
 10-Apr-21 22:32:16 - INFO - No numbers available at position 3,7
 10-Apr-21 22:32:16 - INFO - No numbers available at position 3,8
 10-Apr-21 22:32:16 - INFO - No numbers available at position 3,7
 10-Apr-21 22:32:16 - INFO - No numbers available at position 3,8
 10-Apr-21 22:32:16 - INFO - No numbers available at position 3,7
 10-Apr-21 22:32:16 - INFO - No numbers available at position 3,7
 10-Apr-21 22:32:16 - INFO - No numbers available at position 3,8
 10-Apr-21 22:32:16 - INFO - No numbers available at position 3,7
 10-Apr-21 22:32:16 - INFO - No numbers available at position 3,8
 10-Apr-21 22:32:16 - INFO - No numbers available at position 3,8
 10-Apr-21 22:32:16 - INFO - No numbers available at position 3,7
 10-Apr-21 22:32:16 - INFO - No numbers available at position 3,8
 10-Apr-21 22:32:16 - INFO - No numbers available at position 3,7
 10-Apr-21 22:32:16 - INFO - No numbers available at position 3,7
 10-Apr-21 22:32:16 - INFO - No numbers available at position 3,8
 10-Apr-21 22:32:16 - INFO - No numbers available at position 3,7
 10-Apr-21 22:32:16 - INFO - No numbers available at position 3,8
 10-Apr-21 22:32:16 - INFO - No numbers available at position 3,8
 10-Apr-21 22:32:16 - INFO - No numbers available at position 1,8
 10-Apr-21 22:32:16 - INFO - No numbers available at position 2,2
 10-Apr-21 22:32:16 - INFO - No numbers available at position 2,1
 10-Apr-21 22:32:17 - INFO - No numbers available at position 2,8
 10-Apr-21 22:32:17 - INFO - No numbers available at position 3,7
 10-Apr-21 22:32:17 - INFO - No numbers available at position 3,8
 10-Apr-21 22:32:17 - INFO - No numbers available at position 3,7
 10-Apr-21 22:32:17 - INFO - No numbers available at position 3,8
 10-Apr-21 22:32:17 - INFO - No numbers available at position 3,7
 10-Apr-21 22:32:17 - INFO - No numbers available at position 3,7
 10-Apr-21 22:32:17 - INFO - No numbers available at position 3,8
 10-Apr-21 22:32:17 - INFO - No numbers available at position 3,7
 10-Apr-21 22:32:17 - INFO - No numbers available at position 3,8
 10-Apr-21 22:32:17 - INFO - No numbers available at position 3,8
 10-Apr-21 22:32:17 - INFO - No numbers available at position 3,7
 10-Apr-21 22:32:17 - INFO - No numbers available at position 3,8
 10-Apr-21 22:32:17 - INFO - No numbers available at position 3,7
 10-Apr-21 22:32:17 - INFO - No numbers available at position 3,7
 10-Apr-21 22:32:17 - INFO - No numbers available at position 3,8
 10-Apr-21 22:32:17 - INFO - No numbers available at position 3,7
 10-Apr-21 22:32:17 - INFO - No numbers available at position 3,8
 10-Apr-21 22:32:17 - INFO - No numbers available at position 3,8
 10-Apr-21 22:32:17 - INFO - No numbers available at position 2,2
 10-Apr-21 22:32:17 - INFO - No numbers available at position 2,2
 10-Apr-21 22:32:17 - INFO - No numbers available at position 2,1
 10-Apr-21 22:32:17 - INFO - No numbers available at position 1,8
 10-Apr-21 22:32:17 - INFO - No numbers available at position 1,7
 10-Apr-21 22:32:17 - INFO - No numbers available at position 1,8
 10-Apr-21 22:32:17 - INFO - No numbers available at position 1,7
 10-Apr-21 22:32:17 - INFO - No numbers available at position 2,2
 10-Apr-21 22:32:17 - INFO - No numbers available at position 2,2
 10-Apr-21 22:32:17 - INFO - No numbers available at position 2,2
 10-Apr-21 22:32:17 - INFO - No numbers available at position 2,2
 10-Apr-21 22:32:17 - INFO - No numbers available at position 2,2
 10-Apr-21 22:32:17 - INFO - No numbers available at position 3,7
 10-Apr-21 22:32:17 - INFO - No numbers available at position 3,6
 10-Apr-21 22:32:17 - INFO - No numbers available at position 3,7
 10-Apr-21 22:32:17 - INFO - No numbers available at position 3,8
 10-Apr-21 22:32:17 - INFO - No numbers available at position 3,7
 10-Apr-21 22:32:17 - INFO - No numbers available at position 3,8
 10-Apr-21 22:32:17 - INFO - No numbers available at position 3,8
 10-Apr-21 22:32:17 - INFO - No numbers available at position 3,6
 10-Apr-21 22:32:17 - INFO - No numbers available at position 3,7
 10-Apr-21 22:32:17 - INFO - No numbers available at position 3,8
 10-Apr-21 22:32:17 - INFO - No numbers available at position 3,7
 10-Apr-21 22:32:17 - INFO - No numbers available at position 3,8
 10-Apr-21 22:32:17 - INFO - No numbers available at position 3,8
 10-Apr-21 22:32:17 - INFO - No numbers available at position 3,6
 10-Apr-21 22:32:17 - INFO - No numbers available at position 3,7
 10-Apr-21 22:32:17 - INFO - No numbers available at position 3,8
 10-Apr-21 22:32:17 - INFO - No numbers available at position 3,8
 10-Apr-21 22:32:17 - INFO - No numbers available at position 3,7
 10-Apr-21 22:32:17 - INFO - No numbers available at position 3,7
 10-Apr-21 22:32:17 - INFO - No numbers available at position 3,8
 10-Apr-21 22:32:17 - INFO - No numbers available at position 3,8
 10-Apr-21 22:32:17 - INFO - No numbers available at position 3,8
 10-Apr-21 22:32:17 - INFO - No numbers available at position 3,8
 10-Apr-21 22:32:17 - INFO - No numbers available at position 3,7
 10-Apr-21 22:32:17 - INFO - No numbers available at position 3,7
 10-Apr-21 22:32:17 - INFO - No numbers available at position 3,8
 10-Apr-21 22:32:17 - INFO - No numbers available at position 3,8
 10-Apr-21 22:32:17 - INFO - No numbers available at position 3,8
 10-Apr-21 22:32:17 - INFO - No numbers available at position 1,8
 10-Apr-21 22:32:17 - INFO - No numbers available at position 1,8
 10-Apr-21 22:32:17 - INFO - No numbers available at position 1,8
 10-Apr-21 22:32:17 - INFO - No numbers available at position 2,2
 10-Apr-21 22:32:17 - INFO - No numbers available at position 2,2
 10-Apr-21 22:32:17 - INFO - No numbers available at position 2,2
 10-Apr-21 22:32:17 - INFO - No numbers available at position 3,7
 10-Apr-21 22:32:17 - INFO - No numbers available at position 3,8
 10-Apr-21 22:32:17 - INFO - No numbers available at position 3,6
 10-Apr-21 22:32:17 - INFO - No numbers available at position 3,7
 10-Apr-21 22:32:17 - INFO - No numbers available at position 3,8
 10-Apr-21 22:32:17 - INFO - No numbers available at position 3,7
 10-Apr-21 22:32:17 - INFO - No numbers available at position 3,7
 10-Apr-21 22:32:17 - INFO - No numbers available at position 3,8
 10-Apr-21 22:32:17 - INFO - No numbers available at position 3,8
 10-Apr-21 22:32:17 - INFO - No numbers available at position 3,8
 10-Apr-21 22:32:17 - INFO - No numbers available at position 3,8
 10-Apr-21 22:32:17 - INFO - No numbers available at position 3,6
 10-Apr-21 22:32:17 - INFO - No numbers available at position 3,7
 10-Apr-21 22:32:17 - INFO - No numbers available at position 3,8
 10-Apr-21 22:32:17 - INFO - No numbers available at position 3,7
 10-Apr-21 22:32:17 - INFO - No numbers available at position 3,7
 10-Apr-21 22:32:17 - INFO - No numbers available at position 3,8
 10-Apr-21 22:32:17 - INFO - No numbers available at position 3,8
 10-Apr-21 22:32:17 - INFO - No numbers available at position 3,8
 10-Apr-21 22:32:17 - INFO - No numbers available at position 3,8
 10-Apr-21 22:32:17 - INFO - No numbers available at position 3,6
 10-Apr-21 22:32:17 - INFO - No numbers available at position 3,7
 10-Apr-21 22:32:17 - INFO - No numbers available at position 3,6
 10-Apr-21 22:32:17 - INFO - No numbers available at position 3,8
 10-Apr-21 22:32:17 - INFO - No numbers available at position 3,8
 10-Apr-21 22:32:17 - INFO - No numbers available at position 3,7
 10-Apr-21 22:32:17 - INFO - No numbers available at position 3,8
 10-Apr-21 22:32:17 - INFO - No numbers available at position 3,7
 10-Apr-21 22:32:17 - INFO - No numbers available at position 3,8
 10-Apr-21 22:32:17 - INFO - No numbers available at position 3,6
 10-Apr-21 22:32:17 - INFO - No numbers available at position 3,8
 10-Apr-21 22:32:17 - INFO - No numbers available at position 3,8
 10-Apr-21 22:32:17 - INFO - No numbers available at position 3,8
 10-Apr-21 22:32:17 - INFO - No numbers available at position 3,7
 10-Apr-21 22:32:17 - INFO - No numbers available at position 3,8
 10-Apr-21 22:32:17 - INFO - No numbers available at position 3,7
 10-Apr-21 22:32:17 - INFO - No numbers available at position 3,8
 10-Apr-21 22:32:17 - INFO - No numbers available at position 3,6
 10-Apr-21 22:32:17 - INFO - No numbers available at position 3,8
 10-Apr-21 22:32:17 - INFO - No numbers available at position 3,8
 10-Apr-21 22:32:17 - INFO - No numbers available at position 1,8
 10-Apr-21 22:32:17 - INFO - No numbers available at position 1,8
 10-Apr-21 22:32:17 - INFO - No numbers available at position 1,8
 10-Apr-21 22:32:17 - INFO - No numbers available at position 2,1
 10-Apr-21 22:32:17 - INFO - No numbers available at position 2,1
 10-Apr-21 22:32:17 - INFO - No numbers available at position 1,8
 10-Apr-21 22:32:17 - INFO - No numbers available at position 1,7
 10-Apr-21 22:32:17 - INFO - No numbers available at position 1,8
 10-Apr-21 22:32:17 - INFO - No numbers available at position 1,7
 10-Apr-21 22:32:17 - INFO - No numbers available at position 2,1
 10-Apr-21 22:32:17 - INFO - No numbers available at position 1,8
 10-Apr-21 22:32:17 - INFO - No numbers available at position 1,7
 10-Apr-21 22:32:17 - INFO - No numbers available at position 1,8
 10-Apr-21 22:32:17 - INFO - No numbers available at position 1,7
 10-Apr-21 22:32:17 - INFO - No numbers available at position 2,1
 10-Apr-21 22:32:17 - INFO - No numbers available at position 2,2
 10-Apr-21 22:32:17 - INFO - No numbers available at position 2,8
 10-Apr-21 22:32:17 - INFO - No numbers available at position 3,7
 10-Apr-21 22:32:17 - INFO - No numbers available at position 8,1
 10-Apr-21 22:32:17 - INFO - No numbers available at position 3,7
 10-Apr-21 22:32:17 - INFO - No numbers available at position 3,8
 10-Apr-21 22:32:17 - INFO - No numbers available at position 3,7
 10-Apr-21 22:32:17 - INFO - No numbers available at position 3,7
 10-Apr-21 22:32:17 - INFO - No numbers available at position 3,8
 10-Apr-21 22:32:17 - INFO - No numbers available at position 8,1
 10-Apr-21 22:32:17 - INFO - No numbers available at position 3,7
 10-Apr-21 22:32:17 - INFO - No numbers available at position 5,3
 10-Apr-21 22:32:17 - INFO - No numbers available at position 7,2
 10-Apr-21 22:32:17 - INFO - No numbers available at position 8,1
 10-Apr-21 22:32:17 - INFO - No numbers available at position 4,7
 10-Apr-21 22:32:17 - INFO - No numbers available at position 5,2
 10-Apr-21 22:32:17 - INFO - No numbers available at position 5,2
 10-Apr-21 22:32:17 - INFO - No numbers available at position 5,3
 10-Apr-21 22:32:17 - INFO - No numbers available at position 7,2
 10-Apr-21 22:32:17 - INFO - No numbers available at position 8,1
 10-Apr-21 22:32:17 - INFO - No numbers available at position 4,7
 10-Apr-21 22:32:17 - INFO - No numbers available at position 5,2
 10-Apr-21 22:32:17 - INFO - No numbers available at position 5,2
 10-Apr-21 22:32:17 - INFO - No numbers available at position 3,7
 10-Apr-21 22:32:17 - INFO - No numbers available at position 3,8
 10-Apr-21 22:32:17 - INFO - No numbers available at position 2,1
 10-Apr-21 22:32:17 - INFO - No numbers available at position 2,2
 10-Apr-21 22:32:17 - INFO - No numbers available at position 2,8
 10-Apr-21 22:32:17 - INFO - No numbers available at position 3,7
 10-Apr-21 22:32:17 - INFO - No numbers available at position 3,8
 10-Apr-21 22:32:17 - INFO - No numbers available at position 3,7
 10-Apr-21 22:32:17 - INFO - No numbers available at position 3,8
 10-Apr-21 22:32:17 - INFO - No numbers available at position 3,7
 10-Apr-21 22:32:17 - INFO - No numbers available at position 3,8
 10-Apr-21 22:32:17 - INFO - No numbers available at position 3,7
 10-Apr-21 22:32:17 - INFO - No numbers available at position 3,7
 10-Apr-21 22:32:17 - INFO - No numbers available at position 3,8
 10-Apr-21 22:32:17 - INFO - No numbers available at position 3,8
 10-Apr-21 22:32:17 - INFO - No numbers available at position 6,8
 10-Apr-21 22:32:17 - INFO - No numbers available at position 6,8
 10-Apr-21 22:32:17 - INFO - No numbers available at position 3,8
 10-Apr-21 22:32:17 - INFO - No numbers available at position 3,7
 10-Apr-21 22:32:17 - INFO - No numbers available at position 3,8
 10-Apr-21 22:32:17 - INFO - No numbers available at position 1,8
 10-Apr-21 22:32:17 - INFO - No numbers available at position 1,8
 10-Apr-21 22:32:17 - INFO - No numbers available at position 2,1
 10-Apr-21 22:32:17 - INFO - No numbers available at position 2,2
 10-Apr-21 22:32:17 - INFO - No numbers available at position 2,8
 10-Apr-21 22:32:17 - INFO - No numbers available at position 3,7
 10-Apr-21 22:32:17 - INFO - No numbers available at position 8,1
 10-Apr-21 22:32:18 - INFO - No numbers available at position 3,7
 10-Apr-21 22:32:18 - INFO - No numbers available at position 3,7
 10-Apr-21 22:32:18 - INFO - No numbers available at position 3,8
 10-Apr-21 22:32:18 - INFO - No numbers available at position 3,7
 10-Apr-21 22:32:18 - INFO - No numbers available at position 3,7
 10-Apr-21 22:32:18 - INFO - No numbers available at position 3,7
 10-Apr-21 22:32:18 - INFO - No numbers available at position 3,8
 10-Apr-21 22:32:18 - INFO - No numbers available at position 8,1
 10-Apr-21 22:32:18 - INFO - No numbers available at position 3,7
 10-Apr-21 22:32:18 - INFO - No numbers available at position 3,7
 10-Apr-21 22:32:18 - INFO - No numbers available at position 7,2
 10-Apr-21 22:32:18 - INFO - No numbers available at position 5,2
 10-Apr-21 22:32:18 - INFO - No numbers available at position 7,2
 10-Apr-21 22:32:18 - INFO - No numbers available at position 8,1
 10-Apr-21 22:32:18 - INFO - No numbers available at position 4,7
 10-Apr-21 22:32:18 - INFO - No numbers available at position 5,2
 10-Apr-21 22:32:18 - INFO - No numbers available at position 5,2
 10-Apr-21 22:32:18 - INFO - No numbers available at position 7,2
 10-Apr-21 22:32:18 - INFO - No numbers available at position 5,2
 10-Apr-21 22:32:18 - INFO - No numbers available at position 7,2
 10-Apr-21 22:32:18 - INFO - No numbers available at position 8,1
 10-Apr-21 22:32:18 - INFO - No numbers available at position 4,7
 10-Apr-21 22:32:18 - INFO - No numbers available at position 5,2
 10-Apr-21 22:32:18 - INFO - No numbers available at position 5,2
 10-Apr-21 22:32:18 - INFO - No numbers available at position 3,7
 10-Apr-21 22:32:18 - INFO - No numbers available at position 3,8
 10-Apr-21 22:32:18 - INFO - No numbers available at position 2,1
 10-Apr-21 22:32:18 - INFO - No numbers available at position 2,2
 10-Apr-21 22:32:18 - INFO - No numbers available at position 2,8
 10-Apr-21 22:32:18 - INFO - No numbers available at position 3,7
 10-Apr-21 22:32:18 - INFO - No numbers available at position 3,8
 10-Apr-21 22:32:18 - INFO - No numbers available at position 3,7
 10-Apr-21 22:32:18 - INFO - No numbers available at position 3,8
 10-Apr-21 22:32:18 - INFO - No numbers available at position 3,7
 10-Apr-21 22:32:18 - INFO - No numbers available at position 3,8
 10-Apr-21 22:32:18 - INFO - No numbers available at position 3,7
 10-Apr-21 22:32:18 - INFO - No numbers available at position 3,8
 10-Apr-21 22:32:18 - INFO - No numbers available at position 3,7
 10-Apr-21 22:32:18 - INFO - No numbers available at position 3,7
 10-Apr-21 22:32:18 - INFO - No numbers available at position 3,8
 10-Apr-21 22:32:18 - INFO - No numbers available at position 3,7
 10-Apr-21 22:32:18 - INFO - No numbers available at position 3,8
 10-Apr-21 22:32:18 - INFO - No numbers available at position 3,8
 10-Apr-21 22:32:18 - INFO - No numbers available at position 3,7
 10-Apr-21 22:32:18 - INFO - No numbers available at position 3,8
 10-Apr-21 22:32:18 - INFO - No numbers available at position 6,8
 10-Apr-21 22:32:18 - INFO - No numbers available at position 6,8
 10-Apr-21 22:32:18 - INFO - No numbers available at position 3,8
 10-Apr-21 22:32:18 - INFO - No numbers available at position 3,7
 10-Apr-21 22:32:18 - INFO - No numbers available at position 3,8
 10-Apr-21 22:32:18 - INFO - No numbers available at position 1,8
 10-Apr-21 22:32:18 - INFO - No numbers available at position 1,8
 10-Apr-21 22:32:18 - INFO - No numbers available at position 1,5
 10-Apr-21 22:32:18 - INFO - No numbers available at position 2,2
 10-Apr-21 22:32:18 - INFO - No numbers available at position 2,1
 10-Apr-21 22:32:18 - INFO - No numbers available at position 1,5
 10-Apr-21 22:32:18 - INFO - No numbers available at position 1,5
 10-Apr-21 22:32:18 - INFO - No numbers available at position 1,5
 10-Apr-21 22:32:18 - INFO - No numbers available at position 1,5
 10-Apr-21 22:32:18 - INFO - No numbers available at position 1,5
 10-Apr-21 22:32:18 - INFO - No numbers available at position 1,5
 10-Apr-21 22:32:18 - INFO - No numbers available at position 1,5
 10-Apr-21 22:32:18 - INFO - No numbers available at position 2,2
 10-Apr-21 22:32:18 - INFO - No numbers available at position 2,1
 10-Apr-21 22:32:18 - INFO - No numbers available at position 2,8
 10-Apr-21 22:32:18 - INFO - No numbers available at position 3,7
 10-Apr-21 22:32:18 - INFO - No numbers available at position 8,1
 10-Apr-21 22:32:18 - INFO - No numbers available at position 3,7
 10-Apr-21 22:32:18 - INFO - No numbers available at position 3,8
 10-Apr-21 22:32:18 - INFO - No numbers available at position 3,8
 10-Apr-21 22:32:18 - INFO - No numbers available at position 3,7
 10-Apr-21 22:32:18 - INFO - No numbers available at position 3,7
 10-Apr-21 22:32:18 - INFO - No numbers available at position 3,8
 10-Apr-21 22:32:18 - INFO - No numbers available at position 8,1
 10-Apr-21 22:32:18 - INFO - No numbers available at position 5,3
 10-Apr-21 22:32:18 - INFO - No numbers available at position 7,2
 10-Apr-21 22:32:18 - INFO - No numbers available at position 8,1
 10-Apr-21 22:32:18 - INFO - No numbers available at position 4,7
 10-Apr-21 22:32:18 - INFO - No numbers available at position 5,2
 10-Apr-21 22:32:18 - INFO - No numbers available at position 5,2
 10-Apr-21 22:32:18 - INFO - No numbers available at position 5,3
 10-Apr-21 22:32:18 - INFO - No numbers available at position 7,2
 10-Apr-21 22:32:18 - INFO - No numbers available at position 8,1
 10-Apr-21 22:32:18 - INFO - No numbers available at position 4,7
 10-Apr-21 22:32:18 - INFO - No numbers available at position 5,2
 10-Apr-21 22:32:18 - INFO - No numbers available at position 5,2
 10-Apr-21 22:32:18 - INFO - No numbers available at position 3,8
 10-Apr-21 22:32:18 - INFO - No numbers available at position 3,7
 10-Apr-21 22:32:18 - INFO - No numbers available at position 3,8
 10-Apr-21 22:32:18 - INFO - No numbers available at position 1,8
 10-Apr-21 22:32:18 - INFO - No numbers available at position 2,2
 10-Apr-21 22:32:18 - INFO - No numbers available at position 2,1
 10-Apr-21 22:32:18 - INFO - No numbers available at position 2,8
 10-Apr-21 22:32:18 - INFO - No numbers available at position 3,7
 10-Apr-21 22:32:18 - INFO - No numbers available at position 8,1
 10-Apr-21 22:32:18 - INFO - No numbers available at position 3,7
 10-Apr-21 22:32:18 - INFO - No numbers available at position 3,8
 10-Apr-21 22:32:18 - INFO - No numbers available at position 3,7
 10-Apr-21 22:32:18 - INFO - No numbers available at position 3,7
 10-Apr-21 22:32:18 - INFO - No numbers available at position 3,8
 10-Apr-21 22:32:18 - INFO - No numbers available at position 8,1
 10-Apr-21 22:32:18 - INFO - No numbers available at position 3,7
 10-Apr-21 22:32:18 - INFO - No numbers available at position 5,3
 10-Apr-21 22:32:18 - INFO - No numbers available at position 7,2
 10-Apr-21 22:32:18 - INFO - No numbers available at position 8,1
 10-Apr-21 22:32:18 - INFO - No numbers available at position 4,7
 10-Apr-21 22:32:18 - INFO - No numbers available at position 5,2
 10-Apr-21 22:32:18 - INFO - No numbers available at position 5,2
 10-Apr-21 22:32:18 - INFO - No numbers available at position 5,3
 10-Apr-21 22:32:18 - INFO - No numbers available at position 7,2
 10-Apr-21 22:32:18 - INFO - No numbers available at position 8,1
 10-Apr-21 22:32:18 - INFO - No numbers available at position 4,7
 10-Apr-21 22:32:18 - INFO - No numbers available at position 5,2
 10-Apr-21 22:32:18 - INFO - No numbers available at position 5,2
 10-Apr-21 22:32:18 - INFO - No numbers available at position 3,7
 10-Apr-21 22:32:18 - INFO - No numbers available at position 3,8
 10-Apr-21 22:32:18 - INFO - No numbers available at position 2,2
 10-Apr-21 22:32:18 - INFO - No numbers available at position 2,1
 10-Apr-21 22:32:18 - INFO - No numbers available at position 2,8
 10-Apr-21 22:32:18 - INFO - No numbers available at position 3,7
 10-Apr-21 22:32:18 - INFO - No numbers available at position 3,8
 10-Apr-21 22:32:18 - INFO - No numbers available at position 3,7
 10-Apr-21 22:32:18 - INFO - No numbers available at position 3,8
 10-Apr-21 22:32:18 - INFO - No numbers available at position 3,7
 10-Apr-21 22:32:18 - INFO - No numbers available at position 3,8
 10-Apr-21 22:32:18 - INFO - No numbers available at position 3,7
 10-Apr-21 22:32:18 - INFO - No numbers available at position 3,7
 10-Apr-21 22:32:18 - INFO - No numbers available at position 3,8
 10-Apr-21 22:32:18 - INFO - No numbers available at position 3,8
 10-Apr-21 22:32:19 - INFO - No numbers available at position 6,8
 10-Apr-21 22:32:19 - INFO - No numbers available at position 6,8
 10-Apr-21 22:32:19 - INFO - No numbers available at position 3,8
 10-Apr-21 22:32:19 - INFO - No numbers available at position 3,7
 10-Apr-21 22:32:19 - INFO - No numbers available at position 3,8
 10-Apr-21 22:32:19 - INFO - No numbers available at position 1,8
 10-Apr-21 22:32:19 - INFO - No numbers available at position 2,2
 10-Apr-21 22:32:19 - INFO - No numbers available at position 2,1
 10-Apr-21 22:32:19 - INFO - No numbers available at position 2,8
 10-Apr-21 22:32:19 - INFO - No numbers available at position 3,7
 10-Apr-21 22:32:19 - INFO - No numbers available at position 3,8
 10-Apr-21 22:32:19 - INFO - No numbers available at position 3,7
 10-Apr-21 22:32:19 - INFO - No numbers available at position 3,8
 10-Apr-21 22:32:19 - INFO - No numbers available at position 3,7
 10-Apr-21 22:32:19 - INFO - No numbers available at position 3,8
 10-Apr-21 22:32:19 - INFO - No numbers available at position 3,7
 10-Apr-21 22:32:19 - INFO - No numbers available at position 3,7
 10-Apr-21 22:32:19 - INFO - No numbers available at position 3,8
 10-Apr-21 22:32:19 - INFO - No numbers available at position 3,8
 10-Apr-21 22:32:19 - INFO - No numbers available at position 6,8
 10-Apr-21 22:32:19 - INFO - No numbers available at position 6,8
 10-Apr-21 22:32:19 - INFO - No numbers available at position 3,8
 10-Apr-21 22:32:19 - INFO - No numbers available at position 3,7
 10-Apr-21 22:32:19 - INFO - No numbers available at position 3,8
 10-Apr-21 22:32:19 - INFO - No numbers available at position 2,2
 10-Apr-21 22:32:19 - INFO - No numbers available at position 2,1
 10-Apr-21 22:32:19 - INFO - No numbers available at position 2,8
 10-Apr-21 22:32:19 - INFO - No numbers available at position 3,7
 10-Apr-21 22:32:19 - INFO - No numbers available at position 8,1
 10-Apr-21 22:32:19 - INFO - No numbers available at position 3,8
 10-Apr-21 22:32:19 - INFO - No numbers available at position 3,7
 10-Apr-21 22:32:19 - INFO - No numbers available at position 3,8
 10-Apr-21 22:32:19 - INFO - No numbers available at position 3,8
 10-Apr-21 22:32:19 - INFO - No numbers available at position 3,7
 10-Apr-21 22:32:19 - INFO - No numbers available at position 3,8
 10-Apr-21 22:32:19 - INFO - No numbers available at position 3,7
 10-Apr-21 22:32:19 - INFO - No numbers available at position 3,8
 10-Apr-21 22:32:19 - INFO - No numbers available at position 8,1
 10-Apr-21 22:32:19 - INFO - No numbers available at position 3,8
 10-Apr-21 22:32:19 - INFO - No numbers available at position 7,7
 10-Apr-21 22:32:19 - INFO - No numbers available at position 7,2
 10-Apr-21 22:32:19 - INFO - No numbers available at position 8,1
 10-Apr-21 22:32:19 - INFO - No numbers available at position 4,7
 10-Apr-21 22:32:19 - INFO - No numbers available at position 5,2
 10-Apr-21 22:32:19 - INFO - No numbers available at position 5,2
 10-Apr-21 22:32:19 - INFO - No numbers available at position 7,2
 10-Apr-21 22:32:19 - INFO - No numbers available at position 5,2
 10-Apr-21 22:32:19 - INFO - No numbers available at position 7,2
 10-Apr-21 22:32:19 - INFO - No numbers available at position 8,1
 10-Apr-21 22:32:19 - INFO - No numbers available at position 4,7
 10-Apr-21 22:32:19 - INFO - No numbers available at position 5,2
 10-Apr-21 22:32:19 - INFO - No numbers available at position 5,2
 10-Apr-21 22:32:19 - INFO - No numbers available at position 3,8
 10-Apr-21 22:32:19 - INFO - No numbers available at position 3,7
 10-Apr-21 22:32:19 - INFO - No numbers available at position 3,8
 10-Apr-21 22:32:19 - INFO - No numbers available at position 1,8
 10-Apr-21 22:32:19 - INFO - No numbers available at position 2,2
 10-Apr-21 22:32:19 - INFO - No numbers available at position 2,1
 10-Apr-21 22:32:19 - INFO - No numbers available at position 2,8
 10-Apr-21 22:32:19 - INFO - No numbers available at position 3,7
 10-Apr-21 22:32:19 - INFO - No numbers available at position 8,1
 10-Apr-21 22:32:19 - INFO - No numbers available at position 3,7
 10-Apr-21 22:32:19 - INFO - No numbers available at position 3,7
 10-Apr-21 22:32:19 - INFO - No numbers available at position 3,8
 10-Apr-21 22:32:19 - INFO - No numbers available at position 3,7
 10-Apr-21 22:32:19 - INFO - No numbers available at position 3,7
 10-Apr-21 22:32:19 - INFO - No numbers available at position 3,7
 10-Apr-21 22:32:19 - INFO - No numbers available at position 3,8
 10-Apr-21 22:32:19 - INFO - No numbers available at position 8,1
 10-Apr-21 22:32:19 - INFO - No numbers available at position 3,7
 10-Apr-21 22:32:19 - INFO - No numbers available at position 3,7
 10-Apr-21 22:32:19 - INFO - No numbers available at position 7,2
 10-Apr-21 22:32:19 - INFO - No numbers available at position 5,2
 10-Apr-21 22:32:19 - INFO - No numbers available at position 7,2
 10-Apr-21 22:32:19 - INFO - No numbers available at position 8,1
 10-Apr-21 22:32:19 - INFO - No numbers available at position 4,7
 10-Apr-21 22:32:19 - INFO - No numbers available at position 5,2
 10-Apr-21 22:32:19 - INFO - No numbers available at position 5,2
 10-Apr-21 22:32:19 - INFO - No numbers available at position 7,2
 10-Apr-21 22:32:19 - INFO - No numbers available at position 5,2
 10-Apr-21 22:32:19 - INFO - No numbers available at position 7,2
 10-Apr-21 22:32:19 - INFO - No numbers available at position 8,1
 10-Apr-21 22:32:19 - INFO - No numbers available at position 4,7
 10-Apr-21 22:32:19 - INFO - No numbers available at position 5,2
 10-Apr-21 22:32:19 - INFO - No numbers available at position 5,2
 10-Apr-21 22:32:19 - INFO - No numbers available at position 3,7
 10-Apr-21 22:32:19 - INFO - No numbers available at position 3,8
 10-Apr-21 22:32:19 - INFO - No numbers available at position 2,2
 10-Apr-21 22:32:19 - INFO - No numbers available at position 2,1
 10-Apr-21 22:32:19 - INFO - No numbers available at position 2,8
 10-Apr-21 22:32:19 - INFO - No numbers available at position 3,7
 10-Apr-21 22:32:19 - INFO - No numbers available at position 3,8
 10-Apr-21 22:32:19 - INFO - No numbers available at position 3,7
 10-Apr-21 22:32:19 - INFO - No numbers available at position 3,8
 10-Apr-21 22:32:19 - INFO - No numbers available at position 3,7
 10-Apr-21 22:32:19 - INFO - No numbers available at position 3,8
 10-Apr-21 22:32:19 - INFO - No numbers available at position 3,7
 10-Apr-21 22:32:19 - INFO - No numbers available at position 3,8
 10-Apr-21 22:32:19 - INFO - No numbers available at position 3,7
 10-Apr-21 22:32:19 - INFO - No numbers available at position 3,7
 10-Apr-21 22:32:19 - INFO - No numbers available at position 3,8
 10-Apr-21 22:32:19 - INFO - No numbers available at position 3,7
 10-Apr-21 22:32:19 - INFO - No numbers available at position 3,8
 10-Apr-21 22:32:19 - INFO - No numbers available at position 3,8
 10-Apr-21 22:32:19 - INFO - No numbers available at position 3,7
 10-Apr-21 22:32:19 - INFO - No numbers available at position 3,8
 10-Apr-21 22:32:19 - INFO - No numbers available at position 6,8
 10-Apr-21 22:32:19 - INFO - No numbers available at position 6,8
 10-Apr-21 22:32:19 - INFO - No numbers available at position 3,8
 10-Apr-21 22:32:19 - INFO - No numbers available at position 3,7
 10-Apr-21 22:32:19 - INFO - No numbers available at position 3,8
 10-Apr-21 22:32:19 - INFO - No numbers available at position 1,8
 10-Apr-21 22:32:19 - INFO - No numbers available at position 2,2
 10-Apr-21 22:32:19 - INFO - No numbers available at position 2,1
 10-Apr-21 22:32:19 - INFO - No numbers available at position 2,8
 10-Apr-21 22:32:19 - INFO - No numbers available at position 3,7
 10-Apr-21 22:32:19 - INFO - No numbers available at position 3,8
 10-Apr-21 22:32:19 - INFO - No numbers available at position 3,7
 10-Apr-21 22:32:19 - INFO - No numbers available at position 3,8
 10-Apr-21 22:32:19 - INFO - No numbers available at position 3,7
 10-Apr-21 22:32:19 - INFO - No numbers available at position 3,8
 10-Apr-21 22:32:19 - INFO - No numbers available at position 3,7
 10-Apr-21 22:32:19 - INFO - No numbers available at position 3,8
 10-Apr-21 22:32:19 - INFO - No numbers available at position 3,7
 10-Apr-21 22:32:19 - INFO - No numbers available at position 3,7
 10-Apr-21 22:32:19 - INFO - No numbers available at position 3,8
 10-Apr-21 22:32:19 - INFO - No numbers available at position 3,7
 10-Apr-21 22:32:19 - INFO - No numbers available at position 3,8
 10-Apr-21 22:32:19 - INFO - No numbers available at position 3,8
 10-Apr-21 22:32:19 - INFO - No numbers available at position 3,7
 10-Apr-21 22:32:19 - INFO - No numbers available at position 3,8
 10-Apr-21 22:32:19 - INFO - No numbers available at position 6,8
 10-Apr-21 22:32:19 - INFO - No numbers available at position 6,8
 10-Apr-21 22:32:19 - INFO - No numbers available at position 3,8
 10-Apr-21 22:32:19 - INFO - No numbers available at position 3,7
 10-Apr-21 22:32:19 - INFO - No numbers available at position 3,8
 10-Apr-21 22:32:19 - INFO - No numbers available at position 2,2
 10-Apr-21 22:32:19 - INFO - No numbers available at position 2,1
 10-Apr-21 22:32:19 - INFO - No numbers available at position 1,8
 10-Apr-21 22:32:19 - INFO - No numbers available at position 1,7
 10-Apr-21 22:32:20 - INFO - No numbers available at position 1,8
 10-Apr-21 22:32:20 - INFO - No numbers available at position 1,7
 10-Apr-21 22:32:20 - INFO - No numbers available at position 2,1
 10-Apr-21 22:32:20 - INFO - No numbers available at position 2,2
 10-Apr-21 22:32:20 - INFO - No numbers available at position 2,8
 10-Apr-21 22:32:20 - INFO - No numbers available at position 3,7
 10-Apr-21 22:32:20 - INFO - No numbers available at position 8,1
 10-Apr-21 22:32:20 - INFO - No numbers available at position 3,7
 10-Apr-21 22:32:20 - INFO - No numbers available at position 3,8
 10-Apr-21 22:32:20 - INFO - No numbers available at position 3,7
 10-Apr-21 22:32:20 - INFO - No numbers available at position 3,7
 10-Apr-21 22:32:20 - INFO - No numbers available at position 3,8
 10-Apr-21 22:32:20 - INFO - No numbers available at position 8,1
 10-Apr-21 22:32:20 - INFO - No numbers available at position 3,7
 10-Apr-21 22:32:20 - INFO - No numbers available at position 5,3
 10-Apr-21 22:32:20 - INFO - No numbers available at position 7,2
 10-Apr-21 22:32:20 - INFO - No numbers available at position 8,1
 10-Apr-21 22:32:20 - INFO - No numbers available at position 4,7
 10-Apr-21 22:32:20 - INFO - No numbers available at position 5,2
 10-Apr-21 22:32:20 - INFO - No numbers available at position 5,2
 10-Apr-21 22:32:20 - INFO - No numbers available at position 5,3
 10-Apr-21 22:32:20 - INFO - No numbers available at position 7,2
 10-Apr-21 22:32:20 - INFO - No numbers available at position 8,1
 10-Apr-21 22:32:20 - INFO - No numbers available at position 4,7
 10-Apr-21 22:32:20 - INFO - No numbers available at position 5,2
 10-Apr-21 22:32:20 - INFO - No numbers available at position 5,2
 10-Apr-21 22:32:20 - INFO - No numbers available at position 3,7
 10-Apr-21 22:32:20 - INFO - No numbers available at position 3,8
 10-Apr-21 22:32:20 - INFO - No numbers available at position 2,1
 10-Apr-21 22:32:20 - INFO - No numbers available at position 2,2
 10-Apr-21 22:32:20 - INFO - No numbers available at position 2,8
 10-Apr-21 22:32:20 - INFO - No numbers available at position 3,7
 10-Apr-21 22:32:20 - INFO - No numbers available at position 3,8
 10-Apr-21 22:32:20 - INFO - No numbers available at position 3,7
 10-Apr-21 22:32:20 - INFO - No numbers available at position 3,8
 10-Apr-21 22:32:20 - INFO - No numbers available at position 3,7
 10-Apr-21 22:32:20 - INFO - No numbers available at position 3,8
 10-Apr-21 22:32:20 - INFO - No numbers available at position 3,7
 10-Apr-21 22:32:20 - INFO - No numbers available at position 3,7
 10-Apr-21 22:32:20 - INFO - No numbers available at position 3,8
 10-Apr-21 22:32:20 - INFO - No numbers available at position 3,8
 10-Apr-21 22:32:20 - INFO - No numbers available at position 6,8
 10-Apr-21 22:32:20 - INFO - No numbers available at position 6,8
 10-Apr-21 22:32:20 - INFO - No numbers available at position 3,8
 10-Apr-21 22:32:20 - INFO - No numbers available at position 3,7
 10-Apr-21 22:32:20 - INFO - No numbers available at position 3,8
 10-Apr-21 22:32:20 - INFO - No numbers available at position 1,8
 10-Apr-21 22:32:20 - INFO - No numbers available at position 1,8
 10-Apr-21 22:32:20 - INFO - No numbers available at position 2,1
 10-Apr-21 22:32:20 - INFO - No numbers available at position 2,2
 10-Apr-21 22:32:20 - INFO - No numbers available at position 2,8
 10-Apr-21 22:32:20 - INFO - No numbers available at position 3,7
 10-Apr-21 22:32:20 - INFO - No numbers available at position 8,1
 10-Apr-21 22:32:20 - INFO - No numbers available at position 3,7
 10-Apr-21 22:32:20 - INFO - No numbers available at position 3,7
 10-Apr-21 22:32:20 - INFO - No numbers available at position 3,8
 10-Apr-21 22:32:20 - INFO - No numbers available at position 3,7
 10-Apr-21 22:32:20 - INFO - No numbers available at position 3,7
 10-Apr-21 22:32:20 - INFO - No numbers available at position 3,7
 10-Apr-21 22:32:20 - INFO - No numbers available at position 3,8
 10-Apr-21 22:32:20 - INFO - No numbers available at position 8,1
 10-Apr-21 22:32:20 - INFO - No numbers available at position 3,7
 10-Apr-21 22:32:20 - INFO - No numbers available at position 3,7
 10-Apr-21 22:32:20 - INFO - No numbers available at position 7,2
 10-Apr-21 22:32:20 - INFO - No numbers available at position 5,2
 10-Apr-21 22:32:20 - INFO - No numbers available at position 7,2
 10-Apr-21 22:32:20 - INFO - No numbers available at position 8,1
 10-Apr-21 22:32:20 - INFO - No numbers available at position 4,7
 10-Apr-21 22:32:20 - INFO - No numbers available at position 5,2
 10-Apr-21 22:32:20 - INFO - No numbers available at position 5,2
 10-Apr-21 22:32:20 - INFO - No numbers available at position 7,2
 10-Apr-21 22:32:20 - INFO - No numbers available at position 5,2
 10-Apr-21 22:32:20 - INFO - No numbers available at position 7,2
 10-Apr-21 22:32:20 - INFO - No numbers available at position 8,1
 10-Apr-21 22:32:20 - INFO - No numbers available at position 4,7
 10-Apr-21 22:32:20 - INFO - No numbers available at position 5,2
 10-Apr-21 22:32:20 - INFO - No numbers available at position 5,2
 10-Apr-21 22:32:20 - INFO - No numbers available at position 3,7
 10-Apr-21 22:32:20 - INFO - No numbers available at position 3,8
 10-Apr-21 22:32:20 - INFO - No numbers available at position 2,1
 10-Apr-21 22:32:20 - INFO - No numbers available at position 2,2
 10-Apr-21 22:32:20 - INFO - No numbers available at position 2,8
 10-Apr-21 22:32:20 - INFO - No numbers available at position 3,7
 10-Apr-21 22:32:20 - INFO - No numbers available at position 3,8
 10-Apr-21 22:32:20 - INFO - No numbers available at position 3,7
 10-Apr-21 22:32:20 - INFO - No numbers available at position 3,8
 10-Apr-21 22:32:20 - INFO - No numbers available at position 3,7
 10-Apr-21 22:32:20 - INFO - No numbers available at position 3,8
 10-Apr-21 22:32:20 - INFO - No numbers available at position 3,7
 10-Apr-21 22:32:20 - INFO - No numbers available at position 3,8
 10-Apr-21 22:32:20 - INFO - No numbers available at position 3,7
 10-Apr-21 22:32:20 - INFO - No numbers available at position 3,7
 10-Apr-21 22:32:20 - INFO - No numbers available at position 3,8
 10-Apr-21 22:32:20 - INFO - No numbers available at position 3,7
 10-Apr-21 22:32:20 - INFO - No numbers available at position 3,8
 10-Apr-21 22:32:20 - INFO - No numbers available at position 3,8
 10-Apr-21 22:32:20 - INFO - No numbers available at position 3,7
 10-Apr-21 22:32:20 - INFO - No numbers available at position 3,8
 10-Apr-21 22:32:20 - INFO - No numbers available at position 6,8
 10-Apr-21 22:32:20 - INFO - No numbers available at position 6,8
 10-Apr-21 22:32:20 - INFO - No numbers available at position 3,8
 10-Apr-21 22:32:20 - INFO - No numbers available at position 3,7
 10-Apr-21 22:32:20 - INFO - No numbers available at position 3,8
 10-Apr-21 22:32:20 - INFO - No numbers available at position 1,8
 10-Apr-21 22:32:20 - INFO - No numbers available at position 1,8
 10-Apr-21 22:32:20 - INFO - No numbers available at position 2,2
 10-Apr-21 22:32:20 - INFO - No numbers available at position 2,1
 10-Apr-21 22:32:20 - INFO - No numbers available at position 2,8
 10-Apr-21 22:32:20 - INFO - No numbers available at position 3,7
 10-Apr-21 22:32:20 - INFO - No numbers available at position 3,8
 10-Apr-21 22:32:20 - INFO - No numbers available at position 3,7
 10-Apr-21 22:32:20 - INFO - No numbers available at position 3,8
 10-Apr-21 22:32:20 - INFO - No numbers available at position 3,8
 10-Apr-21 22:32:20 - INFO - No numbers available at position 3,7
 10-Apr-21 22:32:20 - INFO - No numbers available at position 3,8
 10-Apr-21 22:32:20 - INFO - No numbers available at position 3,8
 10-Apr-21 22:32:20 - INFO - No numbers available at position 5,3
 10-Apr-21 22:32:20 - INFO - No numbers available at position 4,7
 10-Apr-21 22:32:20 - INFO - No numbers available at position 5,2
 10-Apr-21 22:32:20 - INFO - No numbers available at position 4,7
 10-Apr-21 22:32:20 - INFO - No numbers available at position 4,7
 10-Apr-21 22:32:20 - INFO - No numbers available at position 5,2
 10-Apr-21 22:32:20 - INFO - No numbers available at position 4,7
 10-Apr-21 22:32:20 - INFO - No numbers available at position 4,2
 10-Apr-21 22:32:21 - INFO - No numbers available at position 5,3
 10-Apr-21 22:32:21 - INFO - No numbers available at position 4,7
 10-Apr-21 22:32:21 - INFO - No numbers available at position 5,2
 10-Apr-21 22:32:21 - INFO - No numbers available at position 4,7
 10-Apr-21 22:32:21 - INFO - No numbers available at position 4,7
 10-Apr-21 22:32:21 - INFO - No numbers available at position 5,2
 10-Apr-21 22:32:21 - INFO - No numbers available at position 4,7
 10-Apr-21 22:32:21 - INFO - No numbers available at position 4,2
 10-Apr-21 22:32:21 - INFO - No numbers available at position 3,8
 10-Apr-21 22:32:21 - INFO - No numbers available at position 3,7
 10-Apr-21 22:32:21 - INFO - No numbers available at position 3,8
 10-Apr-21 22:32:21 - INFO - No numbers available at position 1,8
 10-Apr-21 22:32:21 - INFO - No numbers available at position 2,2
 10-Apr-21 22:32:21 - INFO - No numbers available at position 2,1
 10-Apr-21 22:32:21 - INFO - No numbers available at position 2,8
 10-Apr-21 22:32:21 - INFO - No numbers available at position 3,7
 10-Apr-21 22:32:21 - INFO - No numbers available at position 3,8
 10-Apr-21 22:32:21 - INFO - No numbers available at position 3,7
 10-Apr-21 22:32:21 - INFO - No numbers available at position 3,8
 10-Apr-21 22:32:21 - INFO - No numbers available at position 3,7
 10-Apr-21 22:32:21 - INFO - No numbers available at position 3,7
 10-Apr-21 22:32:21 - INFO - No numbers available at position 3,8
 10-Apr-21 22:32:21 - INFO - No numbers available at position 3,8
 10-Apr-21 22:32:21 - INFO - No numbers available at position 3,7
 10-Apr-21 22:32:21 - INFO - No numbers available at position 5,3
 10-Apr-21 22:32:21 - INFO - No numbers available at position 4,7
 10-Apr-21 22:32:21 - INFO - No numbers available at position 5,2
 10-Apr-21 22:32:21 - INFO - No numbers available at position 4,7
 10-Apr-21 22:32:21 - INFO - No numbers available at position 4,7
 10-Apr-21 22:32:21 - INFO - No numbers available at position 5,2
 10-Apr-21 22:32:21 - INFO - No numbers available at position 4,7
 10-Apr-21 22:32:21 - INFO - No numbers available at position 4,2
 10-Apr-21 22:32:21 - INFO - No numbers available at position 5,3
 10-Apr-21 22:32:21 - INFO - No numbers available at position 4,7
 10-Apr-21 22:32:21 - INFO - No numbers available at position 5,2
 10-Apr-21 22:32:21 - INFO - No numbers available at position 4,7
 10-Apr-21 22:32:21 - INFO - No numbers available at position 4,7
 10-Apr-21 22:32:21 - INFO - No numbers available at position 5,2
 10-Apr-21 22:32:21 - INFO - No numbers available at position 4,7
 10-Apr-21 22:32:21 - INFO - No numbers available at position 4,2
 10-Apr-21 22:32:21 - INFO - No numbers available at position 3,7
 10-Apr-21 22:32:21 - INFO - No numbers available at position 3,8
 10-Apr-21 22:32:21 - INFO - No numbers available at position 2,2
 10-Apr-21 22:32:21 - INFO - No numbers available at position 2,1
 10-Apr-21 22:32:21 - INFO - No numbers available at position 2,8
 10-Apr-21 22:32:21 - INFO - No numbers available at position 3,7
 10-Apr-21 22:32:21 - INFO - No numbers available at position 3,8
 10-Apr-21 22:32:21 - INFO - No numbers available at position 3,7
 10-Apr-21 22:32:21 - INFO - No numbers available at position 3,8
 10-Apr-21 22:32:21 - INFO - No numbers available at position 3,7
 10-Apr-21 22:32:21 - INFO - No numbers available at position 3,8
 10-Apr-21 22:32:21 - INFO - No numbers available at position 3,7
 10-Apr-21 22:32:21 - INFO - No numbers available at position 3,8
 10-Apr-21 22:32:21 - INFO - No numbers available at position 6,8
 10-Apr-21 22:32:21 - INFO - No numbers available at position 6,8
 10-Apr-21 22:32:21 - INFO - No numbers available at position 3,8
 10-Apr-21 22:32:21 - INFO - No numbers available at position 3,7
 10-Apr-21 22:32:21 - INFO - No numbers available at position 3,8
 10-Apr-21 22:32:21 - INFO - No numbers available at position 1,8
 10-Apr-21 22:32:21 - INFO - No numbers available at position 2,2
 10-Apr-21 22:32:21 - INFO - No numbers available at position 2,1
 10-Apr-21 22:32:21 - INFO - No numbers available at position 2,8
 10-Apr-21 22:32:21 - INFO - No numbers available at position 3,7
 10-Apr-21 22:32:21 - INFO - No numbers available at position 3,8
 10-Apr-21 22:32:21 - INFO - No numbers available at position 3,7
 10-Apr-21 22:32:21 - INFO - No numbers available at position 3,8
 10-Apr-21 22:32:21 - INFO - No numbers available at position 3,7
 10-Apr-21 22:32:21 - INFO - No numbers available at position 3,8
 10-Apr-21 22:32:21 - INFO - No numbers available at position 3,7
 10-Apr-21 22:32:21 - INFO - No numbers available at position 3,8
 10-Apr-21 22:32:21 - INFO - No numbers available at position 6,8
 10-Apr-21 22:32:21 - INFO - No numbers available at position 6,8
 10-Apr-21 22:32:21 - INFO - No numbers available at position 3,8
 10-Apr-21 22:32:21 - INFO - No numbers available at position 3,7
 10-Apr-21 22:32:21 - INFO - No numbers available at position 3,8
 10-Apr-21 22:32:21 - INFO - No numbers available at position 2,2
 10-Apr-21 22:32:21 - INFO - No numbers available at position 2,1
 10-Apr-21 22:32:21 - INFO - No numbers available at position 2,8
 10-Apr-21 22:32:21 - INFO - No numbers available at position 3,7
 10-Apr-21 22:32:21 - INFO - No numbers available at position 3,6
 10-Apr-21 22:32:21 - INFO - No numbers available at position 3,8
 10-Apr-21 22:32:21 - INFO - No numbers available at position 3,8
 10-Apr-21 22:32:21 - INFO - No numbers available at position 3,7
 10-Apr-21 22:32:21 - INFO - No numbers available at position 3,8
 10-Apr-21 22:32:21 - INFO - No numbers available at position 3,8
 10-Apr-21 22:32:21 - INFO - No numbers available at position 3,7
 10-Apr-21 22:32:21 - INFO - No numbers available at position 3,6
 10-Apr-21 22:32:21 - INFO - No numbers available at position 3,8
 10-Apr-21 22:32:21 - INFO - No numbers available at position 3,8
 10-Apr-21 22:32:21 - INFO - No numbers available at position 3,8
 10-Apr-21 22:32:21 - INFO - No numbers available at position 7,7
 10-Apr-21 22:32:21 - INFO - No numbers available at position 4,7
 10-Apr-21 22:32:21 - INFO - No numbers available at position 5,3
 10-Apr-21 22:32:21 - INFO - No numbers available at position 4,7
 10-Apr-21 22:32:21 - INFO - No numbers available at position 4,7
 10-Apr-21 22:32:21 - INFO - No numbers available at position 5,3
 10-Apr-21 22:32:21 - INFO - No numbers available at position 4,7
 10-Apr-21 22:32:21 - INFO - No numbers available at position 4,2
 10-Apr-21 22:32:21 - INFO - No numbers available at position 8,4
 10-Apr-21 22:32:21 - INFO - No numbers available at position 6,7
 10-Apr-21 22:32:21 - INFO - No numbers available at position 6,7
 10-Apr-21 22:32:21 - INFO - No numbers available at position 6,8
 10-Apr-21 22:32:21 - INFO - No numbers available at position 8,4
 10-Apr-21 22:32:21 - INFO - No numbers available at position 7,7
 10-Apr-21 22:32:21 - INFO - No numbers available at position 6,8
 10-Apr-21 22:32:21 - INFO - No numbers available at position 8,0
 10-Apr-21 22:32:21 - INFO - No numbers available at position 4,7
 10-Apr-21 22:32:21 - INFO - No numbers available at position 5,3
 10-Apr-21 22:32:21 - INFO - No numbers available at position 4,7
 10-Apr-21 22:32:21 - INFO - No numbers available at position 4,7
 10-Apr-21 22:32:21 - INFO - No numbers available at position 5,3
 10-Apr-21 22:32:21 - INFO - No numbers available at position 4,7
 10-Apr-21 22:32:21 - INFO - No numbers available at position 4,2
 10-Apr-21 22:32:21 - INFO - No numbers available at position 3,8
 10-Apr-21 22:32:21 - INFO - No numbers available at position 3,7
 10-Apr-21 22:32:21 - INFO - No numbers available at position 3,8
 10-Apr-21 22:32:21 - INFO - No numbers available at position 1,8
 10-Apr-21 22:32:21 - INFO - No numbers available at position 2,2
 10-Apr-21 22:32:21 - INFO - No numbers available at position 2,1
 10-Apr-21 22:32:21 - INFO - No numbers available at position 2,8
 10-Apr-21 22:32:21 - INFO - No numbers available at position 3,7
 10-Apr-21 22:32:21 - INFO - No numbers available at position 3,7
 10-Apr-21 22:32:21 - INFO - No numbers available at position 3,8
 10-Apr-21 22:32:21 - INFO - No numbers available at position 3,7
 10-Apr-21 22:32:21 - INFO - No numbers available at position 3,7
 10-Apr-21 22:32:21 - INFO - No numbers available at position 3,8
 10-Apr-21 22:32:21 - INFO - No numbers available at position 3,7
 10-Apr-21 22:32:21 - INFO - No numbers available at position 3,7
 10-Apr-21 22:32:21 - INFO - No numbers available at position 3,7
 10-Apr-21 22:32:21 - INFO - No numbers available at position 3,8
 10-Apr-21 22:32:21 - INFO - No numbers available at position 3,8
 10-Apr-21 22:32:21 - INFO - No numbers available at position 3,7
 10-Apr-21 22:32:22 - INFO - No numbers available at position 3,7
 10-Apr-21 22:32:22 - INFO - No numbers available at position 6,8
 10-Apr-21 22:32:22 - INFO - No numbers available at position 8,4
 10-Apr-21 22:32:22 - INFO - No numbers available at position 6,7
 10-Apr-21 22:32:22 - INFO - No numbers available at position 6,6
 10-Apr-21 22:32:22 - INFO - No numbers available at position 7,6
 10-Apr-21 22:32:22 - INFO - No numbers available at position 6,7
 10-Apr-21 22:32:22 - INFO - No numbers available at position 6,8
 10-Apr-21 22:32:22 - INFO - No numbers available at position 4,7
 10-Apr-21 22:32:22 - INFO - No numbers available at position 5,3
 10-Apr-21 22:32:22 - INFO - No numbers available at position 4,7
 10-Apr-21 22:32:22 - INFO - No numbers available at position 4,7
 10-Apr-21 22:32:22 - INFO - No numbers available at position 5,3
 10-Apr-21 22:32:22 - INFO - No numbers available at position 4,7
 10-Apr-21 22:32:22 - INFO - No numbers available at position 4,2
 10-Apr-21 22:32:22 - INFO - No numbers available at position 6,6
 10-Apr-21 22:32:22 - INFO - No numbers available at position 7,7
 10-Apr-21 22:32:22 - INFO - No numbers available at position 6,7
 10-Apr-21 22:32:22 - INFO - No numbers available at position 6,8
 10-Apr-21 22:32:22 - INFO - No numbers available at position 8,4
 10-Apr-21 22:32:22 - INFO - No numbers available at position 6,7
 10-Apr-21 22:32:22 - INFO - No numbers available at position 6,8
 10-Apr-21 22:32:22 - INFO - No numbers available at position 8,0
 10-Apr-21 22:32:22 - INFO - No numbers available at position 4,7
 10-Apr-21 22:32:22 - INFO - No numbers available at position 5,3
 10-Apr-21 22:32:22 - INFO - No numbers available at position 4,7
 10-Apr-21 22:32:22 - INFO - No numbers available at position 4,7
 10-Apr-21 22:32:22 - INFO - No numbers available at position 5,3
 10-Apr-21 22:32:22 - INFO - No numbers available at position 4,7
 10-Apr-21 22:32:22 - INFO - No numbers available at position 4,2
 10-Apr-21 22:32:22 - INFO - No numbers available at position 3,7
 10-Apr-21 22:32:22 - INFO - No numbers available at position 3,8
 10-Apr-21 22:32:22 - INFO - No numbers available at position 2,2
 10-Apr-21 22:32:22 - INFO - No numbers available at position 2,1
 10-Apr-21 22:32:22 - INFO - No numbers available at position 2,8
 10-Apr-21 22:32:22 - INFO - No numbers available at position 3,7
 10-Apr-21 22:32:22 - INFO - No numbers available at position 3,8
 10-Apr-21 22:32:22 - INFO - No numbers available at position 3,7
 10-Apr-21 22:32:22 - INFO - No numbers available at position 3,8
 10-Apr-21 22:32:22 - INFO - No numbers available at position 3,7
 10-Apr-21 22:32:22 - INFO - No numbers available at position 3,8
 10-Apr-21 22:32:22 - INFO - No numbers available at position 3,7
 10-Apr-21 22:32:22 - INFO - No numbers available at position 3,8
 10-Apr-21 22:32:22 - INFO - No numbers available at position 3,7
 10-Apr-21 22:32:22 - INFO - No numbers available at position 3,8
 10-Apr-21 22:32:22 - INFO - No numbers available at position 3,7
 10-Apr-21 22:32:22 - INFO - No numbers available at position 3,8
 10-Apr-21 22:32:22 - INFO - No numbers available at position 6,8
 10-Apr-21 22:32:22 - INFO - No numbers available at position 6,8
 10-Apr-21 22:32:22 - INFO - No numbers available at position 3,8
 10-Apr-21 22:32:22 - INFO - No numbers available at position 3,7
 10-Apr-21 22:32:22 - INFO - No numbers available at position 3,8
 10-Apr-21 22:32:22 - INFO - No numbers available at position 1,8
 10-Apr-21 22:32:22 - INFO - No numbers available at position 2,2
 10-Apr-21 22:32:22 - INFO - No numbers available at position 2,1
 10-Apr-21 22:32:22 - INFO - No numbers available at position 2,8
 10-Apr-21 22:32:22 - INFO - No numbers available at position 3,7
 10-Apr-21 22:32:22 - INFO - No numbers available at position 3,8
 10-Apr-21 22:32:22 - INFO - No numbers available at position 3,7
 10-Apr-21 22:32:22 - INFO - No numbers available at position 3,8
 10-Apr-21 22:32:22 - INFO - No numbers available at position 3,7
 10-Apr-21 22:32:22 - INFO - No numbers available at position 3,8
 10-Apr-21 22:32:22 - INFO - No numbers available at position 3,7
 10-Apr-21 22:32:22 - INFO - No numbers available at position 3,8
 10-Apr-21 22:32:22 - INFO - No numbers available at position 3,7
 10-Apr-21 22:32:22 - INFO - No numbers available at position 3,8
 10-Apr-21 22:32:22 - INFO - No numbers available at position 3,7
 10-Apr-21 22:32:22 - INFO - No numbers available at position 3,8
 10-Apr-21 22:32:22 - INFO - No numbers available at position 6,8
 10-Apr-21 22:32:22 - INFO - No numbers available at position 6,8
 10-Apr-21 22:32:22 - INFO - No numbers available at position 3,8
 10-Apr-21 22:32:22 - INFO - No numbers available at position 3,7
 10-Apr-21 22:32:22 - INFO - No numbers available at position 3,8
 10-Apr-21 22:32:22 - INFO - No numbers available at position 2,2
 10-Apr-21 22:32:22 - INFO - No numbers available at position 2,2
 10-Apr-21 22:32:22 - INFO - No numbers available at position 2,2
 10-Apr-21 22:32:22 - INFO - No numbers available at position 3,7
 10-Apr-21 22:32:22 - INFO - No numbers available at position 3,6
 10-Apr-21 22:32:22 - INFO - No numbers available at position 3,8
 10-Apr-21 22:32:22 - INFO - No numbers available at position 3,7
 10-Apr-21 22:32:22 - INFO - No numbers available at position 3,8
 10-Apr-21 22:32:22 - INFO - No numbers available at position 3,7
 10-Apr-21 22:32:22 - INFO - No numbers available at position 3,8
 10-Apr-21 22:32:22 - INFO - No numbers available at position 3,6
 10-Apr-21 22:32:22 - INFO - No numbers available at position 5,3
 10-Apr-21 22:32:22 - INFO - No numbers available at position 4,7
 10-Apr-21 22:32:22 - INFO - No numbers available at position 5,2
 10-Apr-21 22:32:22 - INFO - No numbers available at position 4,7
 10-Apr-21 22:32:22 - INFO - No numbers available at position 4,7
 10-Apr-21 22:32:22 - INFO - No numbers available at position 5,2
 10-Apr-21 22:32:22 - INFO - No numbers available at position 4,7
 10-Apr-21 22:32:22 - INFO - No numbers available at position 4,2
 10-Apr-21 22:32:22 - INFO - No numbers available at position 3,8
 10-Apr-21 22:32:22 - INFO - No numbers available at position 5,3
 10-Apr-21 22:32:22 - INFO - No numbers available at position 4,7
 10-Apr-21 22:32:22 - INFO - No numbers available at position 5,2
 10-Apr-21 22:32:22 - INFO - No numbers available at position 4,7
 10-Apr-21 22:32:22 - INFO - No numbers available at position 4,7
 10-Apr-21 22:32:22 - INFO - No numbers available at position 5,2
 10-Apr-21 22:32:22 - INFO - No numbers available at position 4,7
 10-Apr-21 22:32:22 - INFO - No numbers available at position 4,2
 10-Apr-21 22:32:22 - INFO - No numbers available at position 3,8
 10-Apr-21 22:32:22 - INFO - No numbers available at position 3,7
 10-Apr-21 22:32:22 - INFO - No numbers available at position 3,8
 10-Apr-21 22:32:22 - INFO - No numbers available at position 3,7
 10-Apr-21 22:32:22 - INFO - No numbers available at position 3,8
 10-Apr-21 22:32:22 - INFO - No numbers available at position 3,8
 10-Apr-21 22:32:22 - INFO - No numbers available at position 3,7
 10-Apr-21 22:32:22 - INFO - No numbers available at position 3,8
 10-Apr-21 22:32:22 - INFO - No numbers available at position 3,8
 10-Apr-21 22:32:22 - INFO - No numbers available at position 5,3
 10-Apr-21 22:32:22 - INFO - No numbers available at position 4,7
 10-Apr-21 22:32:22 - INFO - No numbers available at position 5,2
 10-Apr-21 22:32:22 - INFO - No numbers available at position 4,7
 10-Apr-21 22:32:22 - INFO - No numbers available at position 4,7
 10-Apr-21 22:32:22 - INFO - No numbers available at position 5,2
 10-Apr-21 22:32:22 - INFO - No numbers available at position 4,7
 10-Apr-21 22:32:22 - INFO - No numbers available at position 4,2
 10-Apr-21 22:32:22 - INFO - No numbers available at position 5,3
 10-Apr-21 22:32:22 - INFO - No numbers available at position 4,7
 10-Apr-21 22:32:22 - INFO - No numbers available at position 5,2
 10-Apr-21 22:32:22 - INFO - No numbers available at position 4,7
 10-Apr-21 22:32:22 - INFO - No numbers available at position 4,7
 10-Apr-21 22:32:22 - INFO - No numbers available at position 5,2
 10-Apr-21 22:32:22 - INFO - No numbers available at position 4,7
 10-Apr-21 22:32:22 - INFO - No numbers available at position 4,2
 10-Apr-21 22:32:22 - INFO - No numbers available at position 3,8
 10-Apr-21 22:32:22 - INFO - No numbers available at position 3,7
 10-Apr-21 22:32:22 - INFO - No numbers available at position 3,8
 10-Apr-21 22:32:22 - INFO - No numbers available at position 1,8
 10-Apr-21 22:32:22 - INFO - No numbers available at position 1,8
 10-Apr-21 22:32:22 - INFO - No numbers available at position 1,8
 10-Apr-21 22:32:22 - INFO - No numbers available at position 2,2
 10-Apr-21 22:32:22 - INFO - No numbers available at position 2,2
 10-Apr-21 22:32:22 - INFO - No numbers available at position 2,2
 10-Apr-21 22:32:22 - INFO - No numbers available at position 3,7
 10-Apr-21 22:32:22 - INFO - No numbers available at position 3,8
 10-Apr-21 22:32:22 - INFO - No numbers available at position 3,6
 10-Apr-21 22:32:22 - INFO - No numbers available at position 3,7
 10-Apr-21 22:32:22 - INFO - No numbers available at position 3,8
 10-Apr-21 22:32:22 - INFO - No numbers available at position 3,8
 10-Apr-21 22:32:22 - INFO - No numbers available at position 3,7
 10-Apr-21 22:32:22 - INFO - No numbers available at position 3,8
 10-Apr-21 22:32:22 - INFO - No numbers available at position 3,7
 10-Apr-21 22:32:22 - INFO - No numbers available at position 3,8
 10-Apr-21 22:32:22 - INFO - No numbers available at position 3,8
 10-Apr-21 22:32:22 - INFO - No numbers available at position 3,6
 10-Apr-21 22:32:22 - INFO - No numbers available at position 3,7
 10-Apr-21 22:32:22 - INFO - No numbers available at position 3,8
 10-Apr-21 22:32:23 - INFO - No numbers available at position 6,8
 10-Apr-21 22:32:23 - INFO - No numbers available at position 6,7
 10-Apr-21 22:32:23 - INFO - No numbers available at position 6,7
 10-Apr-21 22:32:23 - INFO - No numbers available at position 6,8
 10-Apr-21 22:32:23 - INFO - creating sudoku
 10-Apr-21 22:32:23 - WARNING - No source file provided to init
 10-Apr-21 22:32:23 - INFO -  objects are equal
 10-Apr-21 22:32:23 - CRITICAL - end
